2018-12-26 15:00:00,131 - Log4JLogChute initialized using file 'velocity.log'
2018-12-26 15:00:00,131 - Initializing Velocity, Calling init()...
2018-12-26 15:00:00,131 - Starting Apache Velocity v1.7 (compiled: 2010-11-19 12:14:37)
2018-12-26 15:00:00,131 - Default Properties File: org\apache\velocity\runtime\defaults\velocity.properties
2018-12-26 15:00:00,131 - Trying to use logger class org.apache.velocity.runtime.log.AvalonLogChute
2018-12-26 15:00:00,131 - Target log system for org.apache.velocity.runtime.log.AvalonLogChute is not available (java.lang.NoClassDefFoundError: org/apache/log/format/Formatter).  Falling back to next log system...
2018-12-26 15:00:00,131 - Trying to use logger class org.apache.velocity.runtime.log.Log4JLogChute
2018-12-26 15:00:00,141 - Using logger class org.apache.velocity.runtime.log.Log4JLogChute
2018-12-26 15:00:00,143 - ResourceLoader instantiated: com.magicalcoder.youyajfx.service.a.c.f
2018-12-26 15:00:00,146 - ResourceLoader instantiated: org.apache.velocity.runtime.resource.loader.StringResourceLoader
2018-12-26 15:00:00,146 - Creating string repository using class org.apache.velocity.runtime.resource.util.StringResourceRepositoryImpl...
2018-12-26 15:00:00,146 - Default repository encoding is UTF-8
2018-12-26 15:00:00,155 - ResourceCache: initialized (class org.apache.velocity.runtime.resource.ResourceCacheImpl) with class java.util.Collections$SynchronizedMap cache map.
2018-12-26 15:00:00,156 - Loaded System Directive: org.apache.velocity.runtime.directive.Stop
2018-12-26 15:00:00,157 - Loaded System Directive: org.apache.velocity.runtime.directive.Define
2018-12-26 15:00:00,157 - Loaded System Directive: org.apache.velocity.runtime.directive.Break
2018-12-26 15:00:00,158 - Loaded System Directive: org.apache.velocity.runtime.directive.Evaluate
2018-12-26 15:00:00,158 - Loaded System Directive: org.apache.velocity.runtime.directive.Literal
2018-12-26 15:00:00,159 - Loaded System Directive: org.apache.velocity.runtime.directive.Macro
2018-12-26 15:00:00,159 - Loaded System Directive: org.apache.velocity.runtime.directive.Parse
2018-12-26 15:00:00,160 - Loaded System Directive: org.apache.velocity.runtime.directive.Include
2018-12-26 15:00:00,161 - Loaded System Directive: org.apache.velocity.runtime.directive.Foreach
2018-12-26 15:00:00,179 - Created '20' parsers.
2018-12-26 15:00:00,183 - Velocimacro : "velocimacro.library" is not set.  Trying default library: VM_global_library.vm
2018-12-26 15:00:00,183 - Could not load resource 'VM_global_library.vm' from ResourceLoader com.magicalcoder.youyajfx.service.a.c.f: ClasspathResourceLoader Error: cannot find resource VM_global_library.vm
2018-12-26 15:00:00,183 - Velocimacro : Default library not found.
2018-12-26 15:00:00,183 - Velocimacro : allowInline = true : VMs can be defined inline in templates
2018-12-26 15:00:00,183 - Velocimacro : allowInlineToOverride = false : VMs defined inline may NOT replace previous VM definitions
2018-12-26 15:00:00,184 - Velocimacro : allowInlineLocal = false : VMs defined inline will be global in scope if allowed.
2018-12-26 15:00:00,184 - Velocimacro : autoload off : VM system will not automatically reload global library macros
2018-12-26 15:00:00,209 - ResourceManager : found /vms/youyaboot_mysql/doc/api.vm with loader com.magicalcoder.youyajfx.service.a.c.f
2018-12-26 15:00:00,219 - ResourceManager : found vms/youyaboot_mysql/common/variable/head.vm with loader com.magicalcoder.youyajfx.service.a.c.f
2018-12-26 15:00:00,227 - Null reference [template '/vms/youyaboot_mysql/doc/api.vm', line 11, column 12] : $dbPriorityNode.dbField.dbComment cannot be resolved.
2018-12-26 15:00:00,227 - Null reference [template '/vms/youyaboot_mysql/doc/api.vm', line 13, column 41] : $dbPriorityNode.dbField.javaField cannot be resolved.
2018-12-26 15:00:00,227 - Null reference [template '/vms/youyaboot_mysql/doc/api.vm', line 21, column 21] : $dbPriorityKeyJavaType cannot be resolved.
2018-12-26 15:00:00,227 - Null reference [template '/vms/youyaboot_mysql/doc/api.vm', line 21, column 50] : $dbPriorityNode.dbField.dbComment cannot be resolved.
2018-12-26 15:00:00,231 - Null reference [template '/vms/youyaboot_mysql/doc/api.vm', line 73, column 12] : $dbPriorityNode.dbField.dbComment cannot be resolved.
2018-12-26 15:00:00,231 - Null reference [template '/vms/youyaboot_mysql/doc/api.vm', line 75, column 44] : $dbPriorityNode.dbField.javaField cannot be resolved.
2018-12-26 15:00:00,231 - Null reference [template '/vms/youyaboot_mysql/doc/api.vm', line 102, column 12] : $dbPriorityNode.dbField.dbComment cannot be resolved.
2018-12-26 15:00:00,231 - Null reference [template '/vms/youyaboot_mysql/doc/api.vm', line 104, column 44] : $dbPriorityNode.dbField.javaField cannot be resolved.
2018-12-26 15:00:00,231 - Null reference [template '/vms/youyaboot_mysql/doc/api.vm', line 112, column 21] : $dbPriorityKeyJavaType cannot be resolved.
2018-12-26 15:00:00,231 - Null reference [template '/vms/youyaboot_mysql/doc/api.vm', line 112, column 50] : $dbPriorityNode.dbField.dbComment cannot be resolved.
2018-12-26 15:00:00,231 - Null reference [template '/vms/youyaboot_mysql/doc/api.vm', line 130, column 14] : $dbPriorityNode.dbField.dbComment cannot be resolved.
2018-12-26 15:00:00,231 - Null reference [template '/vms/youyaboot_mysql/doc/api.vm', line 140, column 24] : $dbPriorityKeyJavaType cannot be resolved.
2018-12-26 15:00:00,231 - Null reference [template '/vms/youyaboot_mysql/doc/api.vm', line 140, column 53] : $dbPriorityNode.dbField.dbComment cannot be resolved.
2018-12-26 15:00:00,231 - Null reference [template '/vms/youyaboot_mysql/doc/api.vm', line 141, column 24] : $dbPriorityKeyJavaType cannot be resolved.
2018-12-26 15:00:00,231 - Null reference [template '/vms/youyaboot_mysql/doc/api.vm', line 141, column 53] : $dbPriorityNode.dbField.dbComment cannot be resolved.
2018-12-26 15:00:00,231 - Null reference [template '/vms/youyaboot_mysql/doc/api.vm', line 142, column 26] : $dbPriorityKeyJavaType cannot be resolved.
2018-12-26 15:00:00,231 - Null reference [template '/vms/youyaboot_mysql/doc/api.vm', line 142, column 55] : $dbPriorityNode.dbField.dbComment cannot be resolved.
2018-12-26 15:00:00,231 - Null reference [template '/vms/youyaboot_mysql/doc/api.vm', line 143, column 24] : $dbPriorityKeyJavaType cannot be resolved.
2018-12-26 15:00:00,231 - Null reference [template '/vms/youyaboot_mysql/doc/api.vm', line 143, column 53] : $dbPriorityNode.dbField.dbComment cannot be resolved.
2018-12-26 15:00:23,835 - Log4JLogChute initialized using file 'velocity.log'
2018-12-26 15:00:23,835 - Initializing Velocity, Calling init()...
2018-12-26 15:00:23,835 - Starting Apache Velocity v1.7 (compiled: 2010-11-19 12:14:37)
2018-12-26 15:00:23,835 - Default Properties File: org\apache\velocity\runtime\defaults\velocity.properties
2018-12-26 15:00:23,836 - Trying to use logger class org.apache.velocity.runtime.log.AvalonLogChute
2018-12-26 15:00:23,836 - Target log system for org.apache.velocity.runtime.log.AvalonLogChute is not available (java.lang.NoClassDefFoundError: org/apache/log/format/Formatter).  Falling back to next log system...
2018-12-26 15:00:23,836 - Trying to use logger class org.apache.velocity.runtime.log.Log4JLogChute
2018-12-26 15:00:23,836 - Using logger class org.apache.velocity.runtime.log.Log4JLogChute
2018-12-26 15:00:23,836 - ResourceLoader instantiated: com.magicalcoder.youyajfx.service.a.c.f
2018-12-26 15:00:23,836 - ResourceLoader instantiated: org.apache.velocity.runtime.resource.loader.StringResourceLoader
2018-12-26 15:00:23,836 - Loaded repository 'org.apache.velocity.runtime.resource.util.StringResourceRepository' from static repo store
2018-12-26 15:00:23,836 - ResourceCache: initialized (class org.apache.velocity.runtime.resource.ResourceCacheImpl) with class java.util.Collections$SynchronizedMap cache map.
2018-12-26 15:00:23,836 - Loaded System Directive: org.apache.velocity.runtime.directive.Stop
2018-12-26 15:00:23,836 - Loaded System Directive: org.apache.velocity.runtime.directive.Define
2018-12-26 15:00:23,836 - Loaded System Directive: org.apache.velocity.runtime.directive.Break
2018-12-26 15:00:23,836 - Loaded System Directive: org.apache.velocity.runtime.directive.Evaluate
2018-12-26 15:00:23,836 - Loaded System Directive: org.apache.velocity.runtime.directive.Literal
2018-12-26 15:00:23,836 - Loaded System Directive: org.apache.velocity.runtime.directive.Macro
2018-12-26 15:00:23,836 - Loaded System Directive: org.apache.velocity.runtime.directive.Parse
2018-12-26 15:00:23,836 - Loaded System Directive: org.apache.velocity.runtime.directive.Include
2018-12-26 15:00:23,836 - Loaded System Directive: org.apache.velocity.runtime.directive.Foreach
2018-12-26 15:00:23,837 - Created '20' parsers.
2018-12-26 15:00:23,837 - Velocimacro : "velocimacro.library" is not set.  Trying default library: VM_global_library.vm
2018-12-26 15:00:23,837 - Could not load resource 'VM_global_library.vm' from ResourceLoader com.magicalcoder.youyajfx.service.a.c.f: ClasspathResourceLoader Error: cannot find resource VM_global_library.vm
2018-12-26 15:00:23,837 - Velocimacro : Default library not found.
2018-12-26 15:00:23,837 - Velocimacro : allowInline = true : VMs can be defined inline in templates
2018-12-26 15:00:23,837 - Velocimacro : allowInlineToOverride = false : VMs defined inline may NOT replace previous VM definitions
2018-12-26 15:00:23,837 - Velocimacro : allowInlineLocal = false : VMs defined inline will be global in scope if allowed.
2018-12-26 15:00:23,837 - Velocimacro : autoload off : VM system will not automatically reload global library macros
2018-12-26 15:00:23,841 - ResourceManager : found /vms/youyaboot_mysql/doc/api.vm with loader com.magicalcoder.youyajfx.service.a.c.f
2018-12-26 15:00:23,842 - ResourceManager : found vms/youyaboot_mysql/common/variable/head.vm with loader com.magicalcoder.youyajfx.service.a.c.f
2018-12-26 15:00:24,447 - Null reference [template '/vms/youyaboot_mysql/doc/api.vm', line 11, column 12] : $dbPriorityNode.dbField.dbComment cannot be resolved.
2018-12-26 15:00:24,447 - Null reference [template '/vms/youyaboot_mysql/doc/api.vm', line 13, column 41] : $dbPriorityNode.dbField.javaField cannot be resolved.
2018-12-26 15:00:24,447 - Null reference [template '/vms/youyaboot_mysql/doc/api.vm', line 21, column 21] : $dbPriorityKeyJavaType cannot be resolved.
2018-12-26 15:00:24,447 - Null reference [template '/vms/youyaboot_mysql/doc/api.vm', line 21, column 50] : $dbPriorityNode.dbField.dbComment cannot be resolved.
2018-12-26 15:00:24,448 - Null reference [template '/vms/youyaboot_mysql/doc/api.vm', line 73, column 12] : $dbPriorityNode.dbField.dbComment cannot be resolved.
2018-12-26 15:00:24,448 - Null reference [template '/vms/youyaboot_mysql/doc/api.vm', line 75, column 44] : $dbPriorityNode.dbField.javaField cannot be resolved.
2018-12-26 15:00:24,448 - Null reference [template '/vms/youyaboot_mysql/doc/api.vm', line 102, column 12] : $dbPriorityNode.dbField.dbComment cannot be resolved.
2018-12-26 15:00:24,448 - Null reference [template '/vms/youyaboot_mysql/doc/api.vm', line 104, column 44] : $dbPriorityNode.dbField.javaField cannot be resolved.
2018-12-26 15:00:24,448 - Null reference [template '/vms/youyaboot_mysql/doc/api.vm', line 112, column 21] : $dbPriorityKeyJavaType cannot be resolved.
2018-12-26 15:00:24,448 - Null reference [template '/vms/youyaboot_mysql/doc/api.vm', line 112, column 50] : $dbPriorityNode.dbField.dbComment cannot be resolved.
2018-12-26 15:00:24,448 - Null reference [template '/vms/youyaboot_mysql/doc/api.vm', line 130, column 14] : $dbPriorityNode.dbField.dbComment cannot be resolved.
2018-12-26 15:00:24,448 - Null reference [template '/vms/youyaboot_mysql/doc/api.vm', line 140, column 24] : $dbPriorityKeyJavaType cannot be resolved.
2018-12-26 15:00:24,448 - Null reference [template '/vms/youyaboot_mysql/doc/api.vm', line 140, column 53] : $dbPriorityNode.dbField.dbComment cannot be resolved.
2018-12-26 15:00:24,448 - Null reference [template '/vms/youyaboot_mysql/doc/api.vm', line 141, column 24] : $dbPriorityKeyJavaType cannot be resolved.
2018-12-26 15:00:24,448 - Null reference [template '/vms/youyaboot_mysql/doc/api.vm', line 141, column 53] : $dbPriorityNode.dbField.dbComment cannot be resolved.
2018-12-26 15:00:24,449 - Null reference [template '/vms/youyaboot_mysql/doc/api.vm', line 142, column 26] : $dbPriorityKeyJavaType cannot be resolved.
2018-12-26 15:00:24,449 - Null reference [template '/vms/youyaboot_mysql/doc/api.vm', line 142, column 55] : $dbPriorityNode.dbField.dbComment cannot be resolved.
2018-12-26 15:00:24,449 - Null reference [template '/vms/youyaboot_mysql/doc/api.vm', line 143, column 24] : $dbPriorityKeyJavaType cannot be resolved.
2018-12-26 15:00:24,449 - Null reference [template '/vms/youyaboot_mysql/doc/api.vm', line 143, column 53] : $dbPriorityNode.dbField.dbComment cannot be resolved.
2018-12-26 15:07:19,936 - Log4JLogChute initialized using file 'velocity.log'
2018-12-26 15:07:19,936 - Initializing Velocity, Calling init()...
2018-12-26 15:07:19,936 - Starting Apache Velocity v1.7 (compiled: 2010-11-19 12:14:37)
2018-12-26 15:07:19,936 - Default Properties File: org\apache\velocity\runtime\defaults\velocity.properties
2018-12-26 15:07:19,936 - Trying to use logger class org.apache.velocity.runtime.log.AvalonLogChute
2018-12-26 15:07:19,936 - Target log system for org.apache.velocity.runtime.log.AvalonLogChute is not available (java.lang.NoClassDefFoundError: org/apache/log/format/Formatter).  Falling back to next log system...
2018-12-26 15:07:19,936 - Trying to use logger class org.apache.velocity.runtime.log.Log4JLogChute
2018-12-26 15:07:19,936 - Using logger class org.apache.velocity.runtime.log.Log4JLogChute
2018-12-26 15:07:19,938 - ResourceLoader instantiated: com.magicalcoder.youyajfx.service.a.c.f
2018-12-26 15:07:19,940 - ResourceLoader instantiated: org.apache.velocity.runtime.resource.loader.StringResourceLoader
2018-12-26 15:07:19,940 - Creating string repository using class org.apache.velocity.runtime.resource.util.StringResourceRepositoryImpl...
2018-12-26 15:07:19,940 - Default repository encoding is UTF-8
2018-12-26 15:07:19,947 - ResourceCache: initialized (class org.apache.velocity.runtime.resource.ResourceCacheImpl) with class java.util.Collections$SynchronizedMap cache map.
2018-12-26 15:07:19,947 - Loaded System Directive: org.apache.velocity.runtime.directive.Stop
2018-12-26 15:07:19,948 - Loaded System Directive: org.apache.velocity.runtime.directive.Define
2018-12-26 15:07:19,948 - Loaded System Directive: org.apache.velocity.runtime.directive.Break
2018-12-26 15:07:19,949 - Loaded System Directive: org.apache.velocity.runtime.directive.Evaluate
2018-12-26 15:07:19,949 - Loaded System Directive: org.apache.velocity.runtime.directive.Literal
2018-12-26 15:07:19,950 - Loaded System Directive: org.apache.velocity.runtime.directive.Macro
2018-12-26 15:07:19,950 - Loaded System Directive: org.apache.velocity.runtime.directive.Parse
2018-12-26 15:07:19,951 - Loaded System Directive: org.apache.velocity.runtime.directive.Include
2018-12-26 15:07:19,952 - Loaded System Directive: org.apache.velocity.runtime.directive.Foreach
2018-12-26 15:07:19,969 - Created '20' parsers.
2018-12-26 15:07:19,972 - Velocimacro : "velocimacro.library" is not set.  Trying default library: VM_global_library.vm
2018-12-26 15:07:19,973 - Could not load resource 'VM_global_library.vm' from ResourceLoader com.magicalcoder.youyajfx.service.a.c.f: ClasspathResourceLoader Error: cannot find resource VM_global_library.vm
2018-12-26 15:07:19,973 - Velocimacro : Default library not found.
2018-12-26 15:07:19,973 - Velocimacro : allowInline = true : VMs can be defined inline in templates
2018-12-26 15:07:19,973 - Velocimacro : allowInlineToOverride = false : VMs defined inline may NOT replace previous VM definitions
2018-12-26 15:07:19,973 - Velocimacro : allowInlineLocal = false : VMs defined inline will be global in scope if allowed.
2018-12-26 15:07:19,973 - Velocimacro : autoload off : VM system will not automatically reload global library macros
2018-12-26 15:07:19,992 - ResourceManager : found /vms/youyaboot_mysql/doc/api.vm with loader com.magicalcoder.youyajfx.service.a.c.f
2018-12-26 15:07:19,997 - ResourceManager : found vms/youyaboot_mysql/common/variable/head.vm with loader com.magicalcoder.youyajfx.service.a.c.f
2018-12-26 15:07:20,007 - ResourceManager : found vms/youyaboot_mysql/common/asert/priorityKey.vm with loader com.magicalcoder.youyajfx.service.a.c.f
